Daily update on Sun Mar  1 08:46:42 UTC 2026
Daily update on Mon Mar  2 06:08:58 UTC 2026
Daily update on Tue Mar  3 06:05:58 UTC 2026
Daily update on Wed Mar  4 06:00:29 UTC 2026
Daily update on Thu Mar  5 06:04:59 UTC 2026
Daily update on Fri Mar  6 06:01:14 UTC 2026
Daily update on Sat Mar  7 05:29:50 UTC 2026
Daily update on Sun Mar  8 05:58:05 UTC 2026
Daily update on Mon Mar  9 06:42:54 UTC 2026
Daily update on Tue Mar 10 06:02:04 UTC 2026
Daily update on Wed Mar 11 06:05:28 UTC 2026
Daily update on Thu Mar 12 06:08:08 UTC 2026
Daily update on Fri Mar 13 06:06:13 UTC 2026
Daily update on Sat Mar 14 06:01:40 UTC 2026
Daily update on Sun Mar 15 06:38:58 UTC 2026
Daily update on Mon Mar 16 07:58:13 UTC 2026
Daily update on Tue Mar 17 06:45:42 UTC 2026
Daily update on Wed Mar 18 05:12:52 UTC 2026
Daily update on Thu Mar 19 05:09:42 UTC 2026
Daily update on Fri Mar 20 05:02:18 UTC 2026
Daily update on Sat Mar 21 04:51:40 UTC 2026
Daily update on Sun Mar 22 05:07:25 UTC 2026
Daily update on Mon Mar 23 05:19:36 UTC 2026
Daily update on Tue Mar 24 05:10:28 UTC 2026
Daily update on Wed Mar 25 05:11:05 UTC 2026
Daily update on Thu Mar 26 05:19:55 UTC 2026
Daily update on Fri Mar 27 05:21:28 UTC 2026
Daily update on Sat Mar 28 05:09:25 UTC 2026
Daily update on Sun Mar 29 05:23:13 UTC 2026
Daily update on Mon Mar 30 05:37:02 UTC 2026
Daily update on Tue Mar 31 05:23:48 UTC 2026
Daily update on Wed Apr  1 05:34:25 UTC 2026
Daily update on Thu Apr  2 05:18:24 UTC 2026
Daily update on Fri Apr  3 05:19:38 UTC 2026
Daily update on Sat Apr  4 05:07:59 UTC 2026
Daily update on Sun Apr  5 05:24:22 UTC 2026
Daily update on Mon Apr  6 05:36:55 UTC 2026
Daily update on Tue Apr  7 05:24:23 UTC 2026
Daily update on Wed Apr  8 05:25:30 UTC 2026
Daily update on Thu Apr  9 05:26:09 UTC 2026
Daily update on Fri Apr 10 05:36:41 UTC 2026
Daily update on Sat Apr 11 05:11:48 UTC 2026
